2019-04-27 01:46:50 [scrapy] DEBUG: Crawled (404) <GET https://www.arteriorshome.com/robots.txt> (referer: None)
2019-04-27 01:46:52 [scrapy] DEBUG: Crawled (200) <GET https://www.arteriorshome.com/customer/account/login/> (referer: None)
2019-04-27 01:47:00 [scrapy] DEBUG: Redirecting (302) to <GET https://www.arteriorshome.com/customer/account/login/> from <POST https://www.arteriorshome.com/customer/account/loginPost/>
2019-04-27 01:47:00 [scrapy] DEBUG: Filtered duplicate request: <GET https://www.arteriorshome.com/customer/account/login/> - no more duplicates will be shown (see DUPEFILTER_DEBUG to show all duplicates)
2019-04-27 01:47:00 [scrapy] INFO: Closing spider (finished)
2019-04-27 01:47:00 [scrapy] INFO: Dumping Scrapy stats:
{'downloader/request_bytes': 1369,
 'downloader/request_count': 3,
 'downloader/request_method_count/GET': 2,
 'downloader/request_method_count/POST': 1,
 'downloader/response_bytes': 17852,
 'downloader/response_count': 3,
 'downloader/response_status_count/200': 1,
 'downloader/response_status_count/302': 1,
 'downloader/response_status_count/404': 1,
 'dupefilter/filtered': 1,
 'finish_reason': 'finished',
 'finish_time': datetime.datetime(2019, 4, 26, 19, 47, 0, 296520),
 'log_count/DEBUG': 4,
 'log_count/INFO': 6,
 'request_depth_max': 1,
 'response_received_count': 2,
 'robotstxt/request_count': 1,
 'robotstxt/response_count': 1,
 'robotstxt/response_status_count/404': 1,
 'scheduler/dequeued': 2,
 'scheduler/dequeued/memory': 2,
 'scheduler/enqueued': 2,
 'scheduler/enqueued/memory': 2,
 'start_time': datetime.datetime(2019, 4, 26, 19, 46, 49, 51666)}
2019-04-27 01:47:00 [scrapy] INFO: Spider closed (finished)
